<?xml version="1.0" encoding="UTF-8"?>
<!-- Generated by org.testng.reporters.JUnitReportReporter -->
<testsuite hostname="Rajesh" failures="0" tests="1" name="tests.Test_124" time="23.408" errors="0" timestamp="2025-05-06T13:27:25 IST" skipped="0">
  <testcase classname="tests.Test_124" name="TC_124" time="23.408"/>
</testsuite> <!-- tests.Test_124 -->
