<?xml version="1.0" encoding="UTF-8"?>
<!-- Generated by org.testng.reporters.JUnitReportReporter -->
<testsuite hostname="Rajesh" failures="0" tests="1" name="tests.Test_148" time="20.149" errors="0" timestamp="2025-05-08T09:25:44 IST" skipped="0">
  <testcase classname="tests.Test_148" name="TC_148" time="20.149"/>
</testsuite> <!-- tests.Test_148 -->
