<?xml version="1.0" encoding="UTF-8"?>
<!-- Generated by org.testng.reporters.JUnitReportReporter -->
<testsuite hostname="Rajesh" failures="0" tests="1" name="tests.Test_127" time="12.356" errors="0" timestamp="2025-05-07T16:36:59 IST" skipped="0">
  <testcase classname="tests.Test_127" name="TC_127" time="12.356"/>
</testsuite> <!-- tests.Test_127 -->
