<?xml version="1.0" encoding="UTF-8"?>
<!-- Generated by org.testng.reporters.JUnitReportReporter -->
<testsuite hostname="Rajesh" failures="0" tests="1" name="tests.Test_130" time="12.952" errors="0" timestamp="2025-05-08T09:12:14 IST" skipped="0">
  <testcase classname="tests.Test_130" name="TC_130" time="12.952"/>
</testsuite> <!-- tests.Test_130 -->
