<?xml version="1.0" encoding="UTF-8"?>
<!-- Generated by org.testng.reporters.JUnitReportReporter -->
<testsuite hostname="Rajesh" failures="0" tests="1" name="tests.Test_102" time="11.806" errors="0" timestamp="2025-05-04T13:15:12 IST" skipped="0">
  <testcase classname="tests.Test_102" name="TC_102" time="11.806"/>
</testsuite> <!-- tests.Test_102 -->
