<?xml version="1.0" encoding="UTF-8"?>
<!-- Generated by org.testng.reporters.JUnitReportReporter -->
<testsuite hostname="Rajesh" failures="0" tests="1" name="tests.Test_137" time="9.890" errors="0" timestamp="2025-05-08T09:17:31 IST" skipped="0">
  <testcase classname="tests.Test_137" name="TC_137" time="9.890"/>
</testsuite> <!-- tests.Test_137 -->
