<?xml version="1.0" encoding="UTF-8"?>
<!-- Generated by org.testng.reporters.JUnitReportReporter -->
<testsuite hostname="Rajesh" failures="0" tests="1" name="tests.Test_136" time="12.984" errors="0" timestamp="2025-05-08T09:17:03 IST" skipped="0">
  <testcase classname="tests.Test_136" name="TC_136" time="12.984"/>
</testsuite> <!-- tests.Test_136 -->
