<?xml version="1.0" encoding="UTF-8"?>
<!-- Generated by org.testng.reporters.JUnitReportReporter -->
<testsuite hostname="Rajesh" failures="0" tests="1" name="tests.Test_139" time="12.951" errors="0" timestamp="2025-05-08T09:18:05 IST" skipped="0">
  <testcase classname="tests.Test_139" name="TC_139" time="12.951"/>
</testsuite> <!-- tests.Test_139 -->
