<?xml version="1.0" encoding="UTF-8"?>
<!-- Generated by org.testng.reporters.JUnitReportReporter -->
<testsuite hostname="Rajesh" failures="0" tests="1" name="tests.Test_120" time="50.087" errors="0" timestamp="2025-05-06T13:26:01 IST" skipped="0">
  <testcase classname="tests.Test_120" name="TC_120" time="50.087"/>
</testsuite> <!-- tests.Test_120 -->
