<?xml version="1.0" encoding="UTF-8"?>
<!-- Generated by org.testng.reporters.JUnitReportReporter -->
<testsuite hostname="Rajesh" failures="0" tests="1" name="tests.Test_129" time="16.520" errors="0" timestamp="2025-05-06T17:28:31 IST" skipped="0">
  <testcase classname="tests.Test_129" name="TC_129" time="16.520"/>
</testsuite> <!-- tests.Test_129 -->
