<?xml version="1.0" encoding="UTF-8"?>
<!-- Generated by org.testng.reporters.JUnitReportReporter -->
<testsuite hostname="Rajesh" failures="0" tests="1" name="tests.Test_128" time="13.857" errors="0" timestamp="2025-05-06T17:16:09 IST" skipped="0">
  <testcase classname="tests.Test_128" name="TC_128" time="13.857"/>
</testsuite> <!-- tests.Test_128 -->
