<?xml version="1.0" encoding="UTF-8"?>
<!-- Generated by org.testng.reporters.JUnitReportReporter -->
<testsuite hostname="Rajesh" failures="0" tests="1" name="tests.Test_151" time="14.423" errors="0" timestamp="2025-05-08T13:03:24 IST" skipped="0">
  <testcase classname="tests.Test_151" name="TC_151" time="14.423"/>
</testsuite> <!-- tests.Test_151 -->
