<?xml version="1.0" encoding="UTF-8"?>
<!-- Generated by org.testng.reporters.JUnitReportReporter -->
<testsuite hostname="Rajesh" failures="0" tests="1" name="tests.Test_121" time="9.960" errors="0" timestamp="2025-05-06T10:19:09 IST" skipped="0">
  <testcase classname="tests.Test_121" name="TC_121" time="9.960"/>
</testsuite> <!-- tests.Test_121 -->
