<?xml version="1.0" encoding="UTF-8"?>
<!-- Generated by org.testng.reporters.JUnitReportReporter -->
<testsuite hostname="Rajesh" failures="0" tests="1" name="tests.Test_133" time="13.923" errors="0" timestamp="2025-05-08T09:15:54 IST" skipped="0">
  <testcase classname="tests.Test_133" name="TC_133" time="13.923"/>
</testsuite> <!-- tests.Test_133 -->
