<?xml version="1.0" encoding="UTF-8"?>
<!-- Generated by org.testng.reporters.JUnitReportReporter -->
<testsuite hostname="Rajesh" failures="0" tests="1" name="tests.Test_119" time="10.776" errors="0" timestamp="2025-05-05T15:37:01 IST" skipped="0">
  <testcase classname="tests.Test_119" name="TC_119" time="10.776"/>
</testsuite> <!-- tests.Test_119 -->
