<?xml version="1.0" encoding="UTF-8"?>
<!-- Generated by org.testng.reporters.JUnitReportReporter -->
<testsuite hostname="Rajesh" failures="0" tests="1" name="tests.Test_101" time="15.590" errors="0" timestamp="2025-05-06T13:19:52 IST" skipped="0">
  <testcase classname="tests.Test_101" name="TC_101" time="15.590"/>
</testsuite> <!-- tests.Test_101 -->
