<?xml version="1.0" encoding="UTF-8"?>
<!-- Generated by org.testng.reporters.JUnitReportReporter -->
<testsuite hostname="Rajesh" failures="0" tests="1" name="tests.Test_128" time="14.521" errors="0" timestamp="2025-05-07T16:37:32 IST" skipped="0">
  <testcase classname="tests.Test_128" name="TC_128" time="14.521"/>
</testsuite> <!-- tests.Test_128 -->
