<?xml version="1.0" encoding="UTF-8"?>
<!-- Generated by org.testng.reporters.JUnitReportReporter -->
<testsuite hostname="Rajesh" failures="0" tests="1" name="tests.Test_140" time="19.328" errors="0" timestamp="2025-05-08T09:19:03 IST" skipped="0">
  <testcase classname="tests.Test_140" name="TC_140" time="19.328"/>
</testsuite> <!-- tests.Test_140 -->
