<?xml version="1.0" encoding="UTF-8"?>
<!-- Generated by org.testng.reporters.JUnitReportReporter -->
<testsuite hostname="Rajesh" failures="0" tests="1" name="tests.Test_114" time="53.021" errors="0" timestamp="2025-05-04T16:46:49 IST" skipped="0">
  <testcase classname="tests.Test_114" name="TC_114" time="53.021"/>
</testsuite> <!-- tests.Test_114 -->
