<?xml version="1.0" encoding="UTF-8"?>
<!-- Generated by org.testng.reporters.JUnitReportReporter -->
<testsuite hostname="Rajesh" failures="0" tests="1" name="tests.Test_134" time="12.593" errors="0" timestamp="2025-05-08T09:16:28 IST" skipped="0">
  <testcase classname="tests.Test_134" name="TC_134" time="12.593"/>
</testsuite> <!-- tests.Test_134 -->
