<?xml version="1.0" encoding="UTF-8"?>
<!-- Generated by org.testng.reporters.JUnitReportReporter -->
<testsuite hostname="Rajesh" failures="0" tests="1" name="tests.Test_131" time="21.477" errors="0" timestamp="2025-05-08T09:13:09 IST" skipped="0">
  <testcase classname="tests.Test_131" name="TC_131" time="21.477"/>
</testsuite> <!-- tests.Test_131 -->
