<?xml version="1.0" encoding="UTF-8"?>
<!-- Generated by org.testng.reporters.JUnitReportReporter -->
<testsuite hostname="Rajesh" failures="0" tests="1" name="tests.Test_141" time="17.673" errors="0" timestamp="2025-05-08T09:20:40 IST" skipped="0">
  <testcase classname="tests.Test_141" name="TC_141" time="17.673"/>
</testsuite> <!-- tests.Test_141 -->
