<?xml version="1.0" encoding="UTF-8"?>
<!-- Generated by org.testng.reporters.JUnitReportReporter -->
<testsuite hostname="Rajesh" failures="0" tests="1" name="tests.Test_123" time="19.475" errors="0" timestamp="2025-05-08T09:10:57 IST" skipped="0">
  <testcase classname="tests.Test_123" name="TC_123" time="19.475"/>
</testsuite> <!-- tests.Test_123 -->
