<?xml version="1.0" encoding="UTF-8"?>
<!-- Generated by org.testng.reporters.JUnitReportReporter -->
<testsuite hostname="Rajesh" failures="0" tests="1" name="tests.Test_132" time="13.320" errors="0" timestamp="2025-05-08T09:15:03 IST" skipped="0">
  <testcase classname="tests.Test_132" name="TC_132" time="13.320"/>
</testsuite> <!-- tests.Test_132 -->
