<?xml version="1.0" encoding="UTF-8"?>
<!-- Generated by org.testng.reporters.JUnitReportReporter -->
<testsuite hostname="Rajesh" failures="0" tests="1" name="tests.Test_117" time="69.058" errors="0" timestamp="2025-05-06T16:28:40 IST" skipped="0">
  <testcase classname="tests.Test_117" name="TC_117" time="69.058"/>
</testsuite> <!-- tests.Test_117 -->
