<?xml version="1.0" encoding="UTF-8"?>
<!-- Generated by org.testng.reporters.JUnitReportReporter -->
<testsuite hostname="Rajesh" failures="0" tests="1" name="tests.Test_144" time="7.229" errors="0" timestamp="2025-05-08T09:23:07 IST" skipped="0">
  <testcase classname="tests.Test_144" name="TC_144" time="7.229"/>
</testsuite> <!-- tests.Test_144 -->
