<?xml version="1.0" encoding="UTF-8"?>
<!-- Generated by org.testng.reporters.JUnitReportReporter -->
<testsuite hostname="Rajesh" failures="0" tests="1" name="tests.Test_124" time="24.250" errors="0" timestamp="2025-05-07T16:34:33 IST" skipped="0">
  <testcase classname="tests.Test_124" name="TC_124" time="24.250"/>
</testsuite> <!-- tests.Test_124 -->
