<?xml version="1.0" encoding="UTF-8"?>
<!-- Generated by org.testng.reporters.JUnitReportReporter -->
<testsuite hostname="Rajesh" failures="0" tests="1" name="tests.Test_125" time="60.750" errors="0" timestamp="2025-05-06T16:57:23 IST" skipped="0">
  <testcase classname="tests.Test_125" name="TC_125" time="60.750"/>
</testsuite> <!-- tests.Test_125 -->
