<?xml version="1.0" encoding="UTF-8"?>
<!-- Generated by org.testng.reporters.JUnitReportReporter -->
<testsuite hostname="Rajesh" failures="0" tests="1" name="tests.Test_150" time="21.539" errors="0" timestamp="2025-05-08T12:15:38 IST" skipped="0">
  <testcase classname="tests.Test_150" name="TC_150" time="21.539"/>
</testsuite> <!-- tests.Test_150 -->
