<?xml version="1.0" encoding="UTF-8"?>
<!-- Generated by org.testng.reporters.JUnitReportReporter -->
<testsuite hostname="Rajesh" failures="0" tests="1" name="tests.Test_125" time="25.896" errors="0" timestamp="2025-05-07T16:35:21 IST" skipped="0">
  <testcase classname="tests.Test_125" name="TC_125" time="25.896"/>
</testsuite> <!-- tests.Test_125 -->
