<?xml version="1.0" encoding="UTF-8"?>
<!-- Generated by org.testng.reporters.JUnitReportReporter -->
<testsuite hostname="Rajesh" failures="0" tests="1" name="tests.Test_131" time="24.367" errors="0" timestamp="2025-05-06T17:48:20 IST" skipped="0">
  <testcase classname="tests.Test_131" name="TC_131" time="24.367"/>
</testsuite> <!-- tests.Test_131 -->
