<?xml version="1.0" encoding="UTF-8"?>
<!-- Generated by org.testng.reporters.JUnitReportReporter -->
<testsuite hostname="Rajesh" failures="0" tests="1" name="tests.Test_118" time="13.072" errors="0" timestamp="2025-05-05T12:21:43 IST" skipped="0">
  <testcase classname="tests.Test_118" name="TC_118" time="13.072"/>
</testsuite> <!-- tests.Test_118 -->
