<?xml version="1.0" encoding="UTF-8"?>
<!-- Generated by org.testng.reporters.JUnitReportReporter -->
<testsuite hostname="Rajesh" failures="0" tests="1" name="tests.Test_147" time="19.287" errors="0" timestamp="2025-05-07T19:59:17 IST" skipped="0">
  <testcase classname="tests.Test_147" name="TC_147" time="19.287"/>
</testsuite> <!-- tests.Test_147 -->
