<?xml version="1.0" encoding="UTF-8"?>
<!-- Generated by org.testng.reporters.JUnitReportReporter -->
<testsuite hostname="Rajesh" failures="0" tests="1" name="tests.Test_126" time="13.816" errors="0" timestamp="2025-05-07T16:36:12 IST" skipped="0">
  <testcase classname="tests.Test_126" name="TC_126" time="13.816"/>
</testsuite> <!-- tests.Test_126 -->
