<?xml version="1.0" encoding="UTF-8"?>
<!-- Generated by org.testng.reporters.JUnitReportReporter -->
<testsuite hostname="Rajesh" failures="0" tests="1" name="tests.Test_121" time="11.469" errors="0" timestamp="2025-05-07T16:30:09 IST" skipped="0">
  <testcase classname="tests.Test_121" name="TC_121" time="11.469"/>
</testsuite> <!-- tests.Test_121 -->
