<?xml version="1.0" encoding="UTF-8"?>
<!-- Generated by org.testng.reporters.JUnitReportReporter -->
<testsuite hostname="Rajesh" failures="0" tests="1" name="tests.Test_132" time="14.941" errors="0" timestamp="2025-05-07T11:21:33 IST" skipped="0">
  <testcase classname="tests.Test_132" name="TC_132" time="14.941"/>
</testsuite> <!-- tests.Test_132 -->
