<?xml version="1.0" encoding="UTF-8"?>
<!-- Generated by org.testng.reporters.JUnitReportReporter -->
<testsuite hostname="Rajesh" failures="0" tests="1" name="tests.Test_105" time="17.784" errors="0" timestamp="2025-05-04T15:03:05 IST" skipped="0">
  <testcase classname="tests.Test_105" name="TC_105" time="17.784"/>
</testsuite> <!-- tests.Test_105 -->
