<?xml version="1.0" encoding="UTF-8"?>
<!-- Generated by org.testng.reporters.JUnitReportReporter -->
<testsuite hostname="Rajesh" failures="0" tests="1" name="tests.Test_129" time="14.790" errors="0" timestamp="2025-05-07T16:38:20 IST" skipped="0">
  <testcase classname="tests.Test_129" name="TC_129" time="14.790"/>
</testsuite> <!-- tests.Test_129 -->
